<?xml version="1.0" encoding="UTF-8"?>
<!-- Generated by org.testng.reporters.JUnitXMLReporter -->
<testsuite ignored="0" hostname="DESKTOP-AQB1ISA" failures="1" tests="2" name="Chrome Test" time="14.818" errors="0" timestamp="2025-08-30T20:54:45 IST">
  <testcase classname="GoogleTest" name="testGoogleTitle" time="6.309"/>
  <testcase classname="GoogleTest" name="testWrongGoogleTitle" time="4.532">
    <failure type="java.lang.AssertionError" message="Title verification failed!">
      <![CDATA[java.lang.AssertionError: Title verification failed!
at GoogleTest.testWrongGoogleTitle(GoogleTest.java:31)
at java.base/java.util.ArrayList.forEach(ArrayList.java:1596)
at java.base/java.util.concurrent.FutureTask.run(FutureTask.java:317)
at java.base/java.util.concurrent.ThreadPoolExecutor.runWorker(ThreadPoolExecutor.java:1144)
at java.base/java.util.concurrent.ThreadPoolExecutor$Worker.run(ThreadPoolExecutor.java:642)
at java.base/java.lang.Thread.run(Thread.java:1583)
... Removed 16 stack frames]]>
    </failure>
  </testcase> <!-- testWrongGoogleTitle -->
</testsuite> <!-- Chrome Test -->
