<?xml version="1.0" encoding="UTF-8"?>
<testng-results ignored="0" total="2" passed="2" failed="0" skipped="0">
  <reporter-output>
  </reporter-output>
  <suite started-at="2025-08-30T17:02:22 IST" name="Selenium Grid Suite" finished-at="2025-08-30T17:02:38 IST" duration-ms="15989">
    <groups>
    </groups>
    <test started-at="2025-08-30T17:02:22 IST" name="Chrome Test" finished-at="2025-08-30T17:02:32 IST" duration-ms="9907">
      <class name="GoogleTest">
        <test-method is-config="true" signature="setUp(java.lang.String)[pri:0, instance:GoogleTest@481a996b]" started-at="2025-08-30T17:02:22 IST" name="setUp" finished-at="2025-08-30T17:02:25 IST" duration-ms="2534" status="PASS">
          <params>
            <param index="0">
              <value>
                <![CDATA[chrome]]>
              </value>
            </param>
          </params>
          <reporter-output>
          </reporter-output>
        </test-method> <!-- setUp -->
        <test-method signature="testGoogleTitle()[pri:0, instance:GoogleTest@481a996b]" started-at="2025-08-30T17:02:25 IST" name="testGoogleTitle" finished-at="2025-08-30T17:02:32 IST" duration-ms="7115" status="PASS">
          <reporter-output>
          </reporter-output>
        </test-method> <!-- testGoogleTitle -->
        <test-method is-config="true" signature="tearDown()[pri:0, instance:GoogleTest@481a996b]" started-at="2025-08-30T17:02:32 IST" name="tearDown" finished-at="2025-08-30T17:02:32 IST" duration-ms="196" status="PASS">
          <reporter-output>
          </reporter-output>
        </test-method> <!-- tearDown -->
      </class> <!-- GoogleTest -->
    </test> <!-- Chrome Test -->
    <test started-at="2025-08-30T17:02:22 IST" name="Firefox Test" finished-at="2025-08-30T17:02:38 IST" duration-ms="15989">
      <class name="GoogleTest">
        <test-method is-config="true" signature="setUp(java.lang.String)[pri:0, instance:GoogleTest@399f45b1]" started-at="2025-08-30T17:02:22 IST" name="setUp" finished-at="2025-08-30T17:02:28 IST" duration-ms="5528" status="PASS">
          <params>
            <param index="0">
              <value>
                <![CDATA[firefox]]>
              </value>
            </param>
          </params>
          <reporter-output>
          </reporter-output>
        </test-method> <!-- setUp -->
        <test-method signature="testGoogleTitle()[pri:0, instance:GoogleTest@399f45b1]" started-at="2025-08-30T17:02:28 IST" name="testGoogleTitle" finished-at="2025-08-30T17:02:37 IST" duration-ms="9642" status="PASS">
          <reporter-output>
          </reporter-output>
        </test-method> <!-- testGoogleTitle -->
        <test-method is-config="true" signature="tearDown()[pri:0, instance:GoogleTest@399f45b1]" started-at="2025-08-30T17:02:37 IST" name="tearDown" finished-at="2025-08-30T17:02:38 IST" duration-ms="762" status="PASS">
          <reporter-output>
          </reporter-output>
        </test-method> <!-- tearDown -->
      </class> <!-- GoogleTest -->
    </test> <!-- Firefox Test -->
  </suite> <!-- Selenium Grid Suite -->
</testng-results>
